<?xml version="1.0" encoding="UTF-8"?>
<!-- Generated by org.testng.reporters.JUnitReportReporter -->
<testsuite hostname="Ashutosh" failures="0" tests="2" name="contact.Configurationannotation" time="0.018" errors="0" timestamp="2025-04-24T13:15:26 IST" skipped="0">
  <testcase classname="contact.Configurationannotation" name="createcontact" time="0.013"/>
  <system-out/>
  <testcase classname="contact.Configurationannotation" name="createcontactwithPhone" time="0.005"/>
  <system-out/>
</testsuite> <!-- contact.Configurationannotation -->
