<?xml version="1.0" encoding="UTF-8"?>
<!-- Generated by org.testng.reporters.JUnitReportReporter -->
<testsuite hostname="Ashutosh" failures="0" tests="1" name="contact.ContactwithSupportDateTest" time="13.163" errors="0" timestamp="2025-04-30T11:20:31 IST" skipped="0">
  <testcase classname="contact.ContactwithSupportDateTest" name="contactSupportDate" time="13.163"/>
  <system-out>
    <![CDATA[=====contactSupportDate<====START===>
=====contactSupportDate====COMPLETE==]]>
  </system-out>
</testsuite> <!-- contact.ContactwithSupportDateTest -->
