<?xml version="1.0" encoding="UTF-8"?>
<!-- Generated by org.testng.reporters.JUnitReportReporter -->
<testsuite hostname="Ashutosh" failures="0" tests="1" name="organisationcreate.DynamicverifyOrg" time="54.475" errors="0" timestamp="2025-04-25T11:16:32 IST" skipped="0">
  <testcase classname="organisationcreate.DynamicverifyOrg" name="dynamicVerifyTest" time="54.475"/>
  <system-out/>
</testsuite> <!-- organisationcreate.DynamicverifyOrg -->
