<?xml version="1.0" encoding="UTF-8"?>
<!-- Generated by org.testng.reporters.JUnitReportReporter -->
<testsuite hostname="Ashutosh" failures="0" tests="2" name="organisationcreate.OrgwithallTest" time="75.083" errors="0" timestamp="2025-04-30T16:57:33 IST" skipped="0">
  <testcase classname="organisationcreate.OrgwithallTest" name="orgallTest" time="50.285"/>
  <system-out/>
  <testcase classname="organisationcreate.OrgwithallTest" name="contactTest" time="24.798"/>
  <system-out/>
</testsuite> <!-- organisationcreate.OrgwithallTest -->
