<?xml version="1.0" encoding="UTF-8"?>
<!-- Generated by org.testng.reporters.JUnitReportReporter -->
<testsuite hostname="Ashutosh" failures="0" tests="1" name="contact.ContactwithSupportDateTest" time="26.008" errors="0" timestamp="2025-05-05T16:22:55 IST" skipped="0">
  <testcase classname="contact.ContactwithSupportDateTest" name="contactSupportDate" time="26.008"/>
  <system-out/>
</testsuite> <!-- contact.ContactwithSupportDateTest -->
