<?xml version="1.0" encoding="UTF-8"?>
<!-- Generated by org.testng.reporters.JUnitReportReporter -->
<testsuite hostname="Ashutosh" failures="0" tests="1" name="practicedatadriventestin.ScreenShot" time="15.632" errors="0" timestamp="2025-04-28T14:51:41 IST" skipped="0">
  <testcase classname="practicedatadriventestin.ScreenShot" name="takeScreenShotTest" time="15.632"/>
  <system-out/>
</testsuite> <!-- practicedatadriventestin.ScreenShot -->
