<?xml version="1.0" encoding="UTF-8"?>
<!-- Generated by org.testng.reporters.JUnitReportReporter -->
<testsuite hostname="Ashutosh" failures="0" tests="1" name="organisationcreate.OrgwithallTest" time="25.920" errors="0" timestamp="2025-05-05T17:54:34 IST" skipped="0">
  <testcase classname="organisationcreate.OrgwithallTest" name="contactTest" time="25.920"/>
  <system-out/>
</testsuite> <!-- organisationcreate.OrgwithallTest -->
