<?xml version="1.0" encoding="UTF-8"?>
<!-- Generated by org.testng.reporters.JUnitReportReporter -->
<testsuite hostname="Ashutosh" failures="0" tests="11" name="testngp.DependsOnMethod" time="0.055" errors="0" timestamp="2025-04-23T16:11:13 IST" skipped="1">
  <testcase classname="testngp.DependsOnMethod" name="createOrder" time="0.026"/>
  <system-out/>
  <testcase classname="testngp.DependsOnMethod" name="createOrder" time="0.007"/>
  <system-out/>
  <testcase classname="testngp.DependsOnMethod" name="createOrder" time="0.005"/>
  <system-out/>
  <testcase classname="testngp.DependsOnMethod" name="createOrder" time="0.002"/>
  <system-out/>
  <testcase classname="testngp.DependsOnMethod" name="createOrder" time="0.001"/>
  <system-out/>
  <testcase classname="testngp.DependsOnMethod" name="createOrder" time="0.002"/>
  <system-out/>
  <testcase classname="testngp.DependsOnMethod" name="createOrder" time="0.002"/>
  <system-out/>
  <testcase classname="testngp.DependsOnMethod" name="createOrder" time="0.002"/>
  <system-out/>
  <testcase classname="testngp.DependsOnMethod" name="createOrder" time="0.003"/>
  <system-out/>
  <testcase classname="testngp.DependsOnMethod" name="createOrder" time="0.005"/>
  <system-out/>
  <testcase classname="testngp.DependsOnMethod" name="deleteOrder">
    <skipped/>
  </testcase> <!-- deleteOrder -->
  <system-out/>
</testsuite> <!-- testngp.DependsOnMethod -->
