<?xml version="1.0" encoding="UTF-8"?>
<!-- Generated by org.testng.reporters.JUnitReportReporter -->
<testsuite hostname="Ashutosh" failures="0" tests="1" name="testngp.ExtentReportPractice" time="6.553" errors="0" timestamp="2025-04-29T17:07:14 IST" skipped="0">
  <testcase classname="testngp.ExtentReportPractice" name="contact2Test" time="6.553"/>
  <system-out/>
</testsuite> <!-- testngp.ExtentReportPractice -->
