<?xml version="1.0" encoding="UTF-8"?>
<!-- Generated by org.testng.reporters.JUnitReportReporter -->
<testsuite hostname="Ashutosh" failures="0" tests="1" name="practicedatadriventestin.RunTimeparameterTest" time="15.865" errors="0" timestamp="2025-05-01T11:32:56 IST" skipped="0">
  <testcase classname="practicedatadriventestin.RunTimeparameterTest" name="seleniumTest" time="15.865"/>
  <system-out/>
</testsuite> <!-- practicedatadriventestin.RunTimeparameterTest -->
