<?xml version="1.0" encoding="UTF-8"?>
<!-- Generated by org.testng.reporters.JUnitReportReporter -->
<testsuite hostname="Ashutosh" failures="0" tests="1" name="testngp.Productinfo" time="0.000" errors="0" timestamp="2025-04-24T12:34:27 IST" skipped="1">
  <testcase classname="testngp.Productinfo" name="getProductInfoTest" time="0.000">
    <skipped/>
  </testcase> <!-- getProductInfoTest -->
  <system-out/>
</testsuite> <!-- testngp.Productinfo -->
