<?xml version="1.0" encoding="UTF-8"?>
<!-- Generated by org.testng.reporters.JUnitReportReporter -->
<testsuite hostname="Ashutosh" failures="0" tests="1" name="organisationcreate.OrgwithallTest" time="51.651" errors="0" timestamp="2025-05-07T15:05:48 IST" skipped="0">
  <testcase classname="organisationcreate.OrgwithallTest" name="orgallTest" time="51.651"/>
  <system-out/>
</testsuite> <!-- organisationcreate.OrgwithallTest -->
