<?xml version="1.0" encoding="UTF-8"?>
<!-- Generated by org.testng.reporters.JUnitReportReporter -->
<testsuite hostname="Ashutosh" failures="0" tests="1" name="organisationcreate.Orgwithall" time="24.501" errors="0" timestamp="2025-04-25T13:10:58 IST" skipped="0">
  <testcase classname="organisationcreate.Orgwithall" name="contactTest" time="24.501"/>
  <system-out/>
</testsuite> <!-- organisationcreate.Orgwithall -->
