<?xml version="1.0" encoding="UTF-8"?>
<!-- Generated by org.testng.reporters.JUnitReportReporter -->
<testsuite hostname="Ashutosh" failures="0" tests="2" name="organisationcreate.OrgwithallTest" time="83.049" errors="0" timestamp="2025-05-08T12:59:36 IST" skipped="0">
  <testcase classname="organisationcreate.OrgwithallTest" name="contactTest" time="28.419"/>
  <system-out/>
  <testcase classname="organisationcreate.OrgwithallTest" name="orgallTest" time="54.630"/>
  <system-out/>
</testsuite> <!-- organisationcreate.OrgwithallTest -->
