<?xml version="1.0" encoding="UTF-8"?>
<!-- Generated by org.testng.reporters.JUnitReportReporter -->
<testsuite hostname="Ashutosh" failures="0" tests="1" name="contact.ContactcreateTest" time="12.460" errors="0" timestamp="2025-04-30T11:20:31 IST" skipped="0">
  <testcase classname="contact.ContactcreateTest" name="createContactTest" time="12.460"/>
  <system-out>
    <![CDATA[=====createContactTest<====START===>
=====createContactTest====COMPLETE==]]>
  </system-out>
</testsuite> <!-- contact.ContactcreateTest -->
