<?xml version="1.0" encoding="UTF-8"?>
<!-- Generated by org.testng.reporters.JUnitReportReporter -->
<testsuite hostname="Ashutosh" failures="0" tests="3" name="testngp.Dataprovider" time="0.034" errors="0" timestamp="2025-04-23T17:07:02 IST" skipped="0">
  <testcase classname="testngp.Dataprovider" name="createContactTest" time="0.025"/>
  <system-out/>
  <testcase classname="testngp.Dataprovider" name="createContactTest" time="0.003"/>
  <system-out/>
  <testcase classname="testngp.Dataprovider" name="createContactTest" time="0.006"/>
  <system-out/>
</testsuite> <!-- testngp.Dataprovider -->
