<?xml version="1.0" encoding="UTF-8"?>
<!-- Generated by org.testng.reporters.JUnitReportReporter -->
<testsuite hostname="Ashutosh" failures="0" tests="1" name="contact.ContactcreateTest" time="29.320" errors="0" timestamp="2025-05-05T17:54:34 IST" skipped="0">
  <testcase classname="contact.ContactcreateTest" name="createContactTest" time="29.320"/>
  <system-out/>
</testsuite> <!-- contact.ContactcreateTest -->
