<?xml version="1.0" encoding="UTF-8"?>
<!-- Generated by org.testng.reporters.JUnitReportReporter -->
<testsuite hostname="Ashutosh" failures="0" tests="3" name="testngp.PriorityTest" time="0.038" errors="0" timestamp="2025-04-23T15:35:27 IST" skipped="0">
  <testcase classname="testngp.PriorityTest" name="createContact" time="0.033"/>
  <system-out/>
  <testcase classname="testngp.PriorityTest" name="modifyContact" time="0.004"/>
  <system-out/>
  <testcase classname="testngp.PriorityTest" name="deleteContact" time="0.001"/>
  <system-out/>
</testsuite> <!-- testngp.PriorityTest -->
