<?xml version="1.0" encoding="UTF-8"?>
<!-- Generated by org.testng.reporters.JUnitReportReporter -->
<testsuite hostname="Ashutosh" failures="0" tests="1" name="practicedatadriventestin.CmdTest" time="0.020" errors="0" timestamp="2025-05-01T12:19:20 IST" skipped="0">
  <testcase classname="practicedatadriventestin.CmdTest" name="cmds" time="0.020"/>
  <system-out/>
</testsuite> <!-- practicedatadriventestin.CmdTest -->
